[16:24:02] [ServerMain/INFO]: [bootstrap] Running Java 21 (OpenJDK 64-Bit Server VM 21.0.7+6-Ubuntu-0ubuntu120.04; Ubuntu null) on Linux 6.8.0-1027-azure (amd64)
[16:24:02] [ServerMain/INFO]: [bootstrap] Loading Paper 1.21.4-231-ver/1.21.4@09e9afd (2025-05-19T17:59:36Z) for Minecraft 1.21.4
[16:24:02] [ServerMain/INFO]: [PluginInitializerManager] Initializing plugins...
[16:24:03] [ServerMain/INFO]: [PluginInitializerManager] Initialized 2 plugins
[16:24:03] [ServerMain/INFO]: [PluginInitializerManager] Bukkit plugins (2):
 - SkinsRestorer (15.6.6), ViaVersion (5.3.2)
[16:24:09] [ServerMain/INFO]: Environment: Environment[sessionHost=https://sessionserver.mojang.com, servicesHost=https://api.minecraftservices.com, name=PROD]
[16:24:12] [ServerMain/INFO]: Loaded 1370 recipes
[16:24:12] [ServerMain/INFO]: Loaded 1481 advancements
[16:24:12] [ServerMain/INFO]: [MCTypeRegistry] Initialising converters for DataConverter...
[16:24:12] [ServerMain/INFO]: [MCTypeRegistry] Finished initialising converters for DataConverter in 329.4ms
[16:24:12] [Server thread/INFO]: Starting minecraft server version 1.21.4
[16:24:12] [Server thread/INFO]: Loading properties
[16:24:12] [Server thread/INFO]: This server is running Paper version 1.21.4-231-ver/1.21.4@09e9afd (2025-05-19T17:59:36Z) (Implementing API version 1.21.4-R0.1-SNAPSHOT)
[16:24:12] [Server thread/INFO]: [spark] This server bundles the spark profiler. For more information please visit https://docs.papermc.io/paper/profiling
[16:24:13] [Server thread/INFO]: Server Ping Player Sample Count: 12
[16:24:13] [Server thread/INFO]: Using 4 threads for Netty based IO
[16:24:14] [Server thread/INFO]: [MoonriseCommon] Paper is using 1 worker threads, 1 I/O threads
[16:24:14] [Server thread/INFO]: [ChunkTaskScheduler] Chunk system is using population gen parallelism: true
[16:24:14] [Server thread/INFO]: Default game type: SURVIVAL
[16:24:14] [Server thread/INFO]: Generating keypair
[16:24:14] [Server thread/INFO]: Starting Minecraft server on *:25565
[16:24:16] [Server thread/INFO]: Using epoll channel type
[16:24:16] [Server thread/INFO]: Paper: Using libdeflate (Linux x86_64) compression from Velocity.
[16:24:16] [Server thread/INFO]: Paper: Using OpenSSL 1.1.x (Linux x86_64) cipher from Velocity.
[16:24:17] [Server thread/INFO]: [ViaVersion] Loading server plugin ViaVersion v5.3.2
[16:24:17] [Server thread/INFO]: [ViaVersion] ViaVersion 5.3.2 is now loaded. Registering protocol transformers and injecting...
[16:24:18] [Via-Mappingloader-0/INFO]: [ViaVersion] Loading block connection mappings ...
[16:24:18] [Via-Mappingloader-0/INFO]: [ViaVersion] Using FastUtil Long2ObjectOpenHashMap for block connections
[16:24:18] [Server thread/INFO]: [SkinsRestorer] Loading server plugin SkinsRestorer v15.6.6
[16:24:18] [Server thread/INFO]: Server permissions file permissions.yml is empty, ignoring it
[16:24:18] [Server thread/INFO]: [SkinsRestorer] Enabling SkinsRestorer v15.6.6
[16:24:20] [Server thread/INFO]: [SkinsRestorer] Running on Minecraft 1.21.4.
[16:24:20] [Server thread/INFO]: [SkinsRestorer] Using paper join listener!
[16:24:20] [Server thread/WARN]: **** SERVER IS RUNNING IN OFFLINE/INSECURE MODE!
[16:24:20] [Server thread/WARN]: The server will make no attempt to authenticate usernames. Beware.
[16:24:20] [Server thread/WARN]: While this makes the game possible to play without internet access, it also opens up the ability for hackers to connect with any username they choose.
[16:24:20] [Server thread/WARN]: To change this, set "online-mode" to "true" in the server.properties file.
[16:24:20] [Server thread/INFO]: Preparing level "world"
[16:24:21] [Folia Async Scheduler Thread #1/INFO]: [SkinsRestorer] ----------------------------------------------
[16:24:21] [Folia Async Scheduler Thread #1/INFO]: [SkinsRestorer]     +==================+
[16:24:21] [Folia Async Scheduler Thread #1/INFO]: [SkinsRestorer]     |   SkinsRestorer  |
[16:24:21] [Folia Async Scheduler Thread #1/INFO]: [SkinsRestorer]     |------------------|
[16:24:21] [Folia Async Scheduler Thread #1/INFO]: [SkinsRestorer]     |  Standalone Mode |
[16:24:21] [Folia Async Scheduler Thread #1/INFO]: [SkinsRestorer]     +==================+
[16:24:21] [Folia Async Scheduler Thread #1/INFO]: [SkinsRestorer] ----------------------------------------------
[16:24:21] [Folia Async Scheduler Thread #1/INFO]: [SkinsRestorer]     Version: 15.6.6
[16:24:21] [Folia Async Scheduler Thread #1/INFO]: [SkinsRestorer]     Commit: 763d6fb
[16:24:21] [Folia Async Scheduler Thread #1/INFO]: [SkinsRestorer]     This is the latest version!
[16:24:21] [Folia Async Scheduler Thread #1/INFO]: [SkinsRestorer] ----------------------------------------------
[16:24:21] [Folia Async Scheduler Thread #1/INFO]: [SkinsRestorer] Do you have issues? Read our troubleshooting guide: https://skinsrestorer.net/docs/troubleshooting
[16:24:21] [Folia Async Scheduler Thread #1/INFO]: [SkinsRestorer] Want to support SkinsRestorer? Consider donating: https://skinsrestorer.net/donate
[16:24:21] [Server thread/INFO]: Preparing start region for dimension minecraft:overworld
[16:24:22] [Server thread/INFO]: Preparing spawn area: 0%
[16:24:22] [Server thread/INFO]: Preparing spawn area: 2%
[16:24:23] [Server thread/INFO]: Preparing spawn area: 2%
[16:24:23] [Server thread/INFO]: Preparing spawn area: 2%
[16:24:23] [Server thread/INFO]: Time elapsed: 1814 ms
[16:24:23] [Server thread/INFO]: Preparing start region for dimension minecraft:the_nether
[16:24:23] [Server thread/INFO]: Preparing spawn area: 0%
[16:24:23] [Server thread/INFO]: Time elapsed: 272 ms
[16:24:23] [Server thread/INFO]: Preparing start region for dimension minecraft:the_end
[16:24:23] [Server thread/INFO]: Preparing spawn area: 0%
[16:24:23] [Server thread/INFO]: Time elapsed: 168 ms
[16:24:23] [Server thread/INFO]: [ViaVersion] Enabling ViaVersion v5.3.2
[16:24:23] [Server thread/INFO]: [ViaVersion] ViaVersion detected server version: 1.21.4 (769)
[16:24:24] [Server thread/INFO]: [spark] Starting background profiler...
[16:24:25] [Server thread/INFO]: Done preparing level "world" (4.598s)
[16:24:25] [Server thread/INFO]: Running delayed init tasks
[16:24:25] [Server thread/INFO]: Done (24.625s)! For help, type "help"
[16:24:25] [Craft Scheduler Thread - 2 - ViaVersion/INFO]: [ViaVersion] Finished mapping loading, shutting down loader executor.
[16:31:57] [User Authenticator #0/INFO]: UUID of player exzequiel66 is c5de5663-de9d-30c4-b12d-502285331e54
[16:32:01] [Server thread/INFO]: exzequiel66 joined the game
[16:32:01] [Server thread/INFO]: exzequiel66[/127.225.189.144:59317] logged in with entity id 71 at ([world]13.594503842337142, 68.0, 34.79849242969421)
[16:44:35] [Server thread/INFO]: exzequiel66 lost connection: Disconnected
[16:44:35] [Server thread/INFO]: exzequiel66 left the game
